<?xml version="1.0" encoding="UTF-8"?>
<!-- Generated by org.testng.reporters.JUnitXMLReporter -->
<testsuite ignored="0" hostname="WS-LV-CP3316" failures="3" tests="3" name="Surefire test" time="24.252" errors="0" timestamp="2021-08-30T22:08:06 EEST">
  <testcase classname="org.eleks.gmail.vstasiv.Tests" name="singIn" time="2.98">
    <failure type="java.lang.VerifyError" message="Expecting a stackmap frame at branch target 57
Exception Details:
  Location:
    org/Eleks/Gmail/po/HomePage.goToMailSendPage()V @9: invokestatic
  Reason:
    Expected stackmap frame at this location.
  Bytecode:
    0000000: b200 4201 01b8 0048 4cb8 004e 2bb6 0052
    0000010: bb00 1059 b700 154b 2ab8 0016 b600 1a2a
    0000020: b800 1eb6 0021 2a04 b800 24b6 002a bb00
    0000030: 2e59 b700 3057 a700 0d4d b800 4e2c b600
    0000040: 562c bfb8 004e b600 59b1               
  Exception Handler Table:
    bci [9, 57] =&amp;gt; handler: 57
">
      <![CDATA[java.lang.VerifyError: Expecting a stackmap frame at branch target 57
Exception Details:
  Location:
    org/Eleks/Gmail/po/HomePage.goToMailSendPage()V @9: invokestatic
  Reason:
    Expected stackmap frame at this location.
  Bytecode:
    0000000: b200 4201 01b8 0048 4cb8 004e 2bb6 0052
    0000010: bb00 1059 b700 154b 2ab8 0016 b600 1a2a
    0000020: b800 1eb6 0021 2a04 b800 24b6 002a bb00
    0000030: 2e59 b700 3057 a700 0d4d b800 4e2c b600
    0000040: 562c bfb8 004e b600 59b1               
  Exception Handler Table:
    bci [9, 57] => handler: 57

at org.Eleks.Gmail.po.LoginPage.login(LoginPage.java:47)
at org.Eleks.Gmail.bo.LoginBO.login(LoginBO.java:17)
at org.eleks.gmail.vstasiv.Tests.singIn(Tests.java:11)
at java.base/java.util.ArrayList.forEach(ArrayList.java:1511)
... Removed 31 stack frames]]>
    </failure>
  </testcase> <!-- singIn -->
  <testcase classname="org.eleks.gmail.vstasiv.Tests" name="goToMailPage" time="2.496">
    <failure type="java.lang.VerifyError" message="Expecting a stackmap frame at branch target 57
Exception Details:
  Location:
    org/Eleks/Gmail/po/HomePage.goToMailSendPage()V @9: invokestatic
  Reason:
    Expected stackmap frame at this location.
  Bytecode:
    0000000: b200 4201 01b8 0048 4cb8 004e 2bb6 0052
    0000010: bb00 1059 b700 154b 2ab8 0016 b600 1a2a
    0000020: b800 1eb6 0021 2a04 b800 24b6 002a bb00
    0000030: 2e59 b700 3057 a700 0d4d b800 4e2c b600
    0000040: 562c bfb8 004e b600 59b1               
  Exception Handler Table:
    bci [9, 57] =&amp;gt; handler: 57
">
      <![CDATA[java.lang.VerifyError: Expecting a stackmap frame at branch target 57
Exception Details:
  Location:
    org/Eleks/Gmail/po/HomePage.goToMailSendPage()V @9: invokestatic
  Reason:
    Expected stackmap frame at this location.
  Bytecode:
    0000000: b200 4201 01b8 0048 4cb8 004e 2bb6 0052
    0000010: bb00 1059 b700 154b 2ab8 0016 b600 1a2a
    0000020: b800 1eb6 0021 2a04 b800 24b6 002a bb00
    0000030: 2e59 b700 3057 a700 0d4d b800 4e2c b600
    0000040: 562c bfb8 004e b600 59b1               
  Exception Handler Table:
    bci [9, 57] => handler: 57

at org.Eleks.Gmail.po.LoginPage.login(LoginPage.java:47)
at org.Eleks.Gmail.bo.LoginBO.login(LoginBO.java:17)
at org.eleks.gmail.vstasiv.Tests.goToMailPage(Tests.java:16)
at java.base/java.util.ArrayList.forEach(ArrayList.java:1511)
... Removed 31 stack frames]]>
    </failure>
  </testcase> <!-- goToMailPage -->
  <testcase classname="org.eleks.gmail.vstasiv.Tests" name="sendAndCheckEmailTest" time="2.828">
    <failure type="java.lang.VerifyError" message="Expecting a stackmap frame at branch target 57
Exception Details:
  Location:
    org/Eleks/Gmail/po/HomePage.goToMailSendPage()V @9: invokestatic
  Reason:
    Expected stackmap frame at this location.
  Bytecode:
    0000000: b200 4201 01b8 0048 4cb8 004e 2bb6 0052
    0000010: bb00 1059 b700 154b 2ab8 0016 b600 1a2a
    0000020: b800 1eb6 0021 2a04 b800 24b6 002a bb00
    0000030: 2e59 b700 3057 a700 0d4d b800 4e2c b600
    0000040: 562c bfb8 004e b600 59b1               
  Exception Handler Table:
    bci [9, 57] =&amp;gt; handler: 57
">
      <![CDATA[java.lang.VerifyError: Expecting a stackmap frame at branch target 57
Exception Details:
  Location:
    org/Eleks/Gmail/po/HomePage.goToMailSendPage()V @9: invokestatic
  Reason:
    Expected stackmap frame at this location.
  Bytecode:
    0000000: b200 4201 01b8 0048 4cb8 004e 2bb6 0052
    0000010: bb00 1059 b700 154b 2ab8 0016 b600 1a2a
    0000020: b800 1eb6 0021 2a04 b800 24b6 002a bb00
    0000030: 2e59 b700 3057 a700 0d4d b800 4e2c b600
    0000040: 562c bfb8 004e b600 59b1               
  Exception Handler Table:
    bci [9, 57] => handler: 57

at org.Eleks.Gmail.po.LoginPage.login(LoginPage.java:47)
at org.Eleks.Gmail.bo.LoginBO.login(LoginBO.java:17)
at org.eleks.gmail.vstasiv.Tests.sendAndCheckEmailTest(Tests.java:22)
at java.base/java.util.ArrayList.forEach(ArrayList.java:1511)
... Removed 31 stack frames]]>
    </failure>
  </testcase> <!-- sendAndCheckEmailTest -->
</testsuite> <!-- Surefire test -->
