-------------------------------------------------------------------------------
Test set: TestSuite
-------------------------------------------------------------------------------
Tests run: 7, Failures: 1, Errors: 0, Skipped: 3, Time elapsed: 83.853 s <<< FAILURE! - in TestSuite
org.eleks.gmail.vstasiv.Tests2.singInTest  Time elapsed: 7.864 s  <<< FAILURE!
java.lang.AssertionError: null
	at org.eleks.gmail.vstasiv.Tests2.singInTest(Tests2.java:18)

