<?xml version="1.0" encoding="UTF-8"?>
<testng-results ignored="0" total="3" passed="0" failed="3" skipped="0">
  <reporter-output>
  </reporter-output>
  <suite started-at="2021-08-30T22:07:42 EEST" name="Surefire suite" finished-at="2021-08-30T22:08:06 EEST" duration-ms="24252">
    <groups>
    </groups>
    <test started-at="2021-08-30T22:07:42 EEST" name="Surefire test" finished-at="2021-08-30T22:08:06 EEST" duration-ms="24252">
      <class name="org.eleks.gmail.vstasiv.Tests">
        <test-method is-config="true" signature="setUpTest()[pri:0, instance:org.eleks.gmail.vstasiv.Tests@782ac148]" started-at="2021-08-30T22:07:42 EEST" name="setUpTest" finished-at="2021-08-30T22:07:49 EEST" duration-ms="7048" status="PASS">
          <reporter-output>
          </reporter-output>
        </test-method> <!-- setUpTest -->
        <test-method signature="singIn()[pri:1, instance:org.eleks.gmail.vstasiv.Tests@782ac148]" started-at="2021-08-30T22:07:49 EEST" name="singIn" finished-at="2021-08-30T22:07:52 EEST" duration-ms="2980" status="FAIL">
          <exception class="java.lang.VerifyError">
            <message>
              <![CDATA[Expecting a stackmap frame at branch target 57
Exception Details:
  Location:
    org/Eleks/Gmail/po/HomePage.goToMailSendPage()V @9: invokestatic
  Reason:
    Expected stackmap frame at this location.
  Bytecode:
    0000000: b200 4201 01b8 0048 4cb8 004e 2bb6 0052
    0000010: bb00 1059 b700 154b 2ab8 0016 b600 1a2a
    0000020: b800 1eb6 0021 2a04 b800 24b6 002a bb00
    0000030: 2e59 b700 3057 a700 0d4d b800 4e2c b600
    0000040: 562c bfb8 004e b600 59b1               
  Exception Handler Table:
    bci [9, 57] => handler: 57
]]>
            </message>
            <full-stacktrace>
              <![CDATA[java.lang.VerifyError: Expecting a stackmap frame at branch target 57
Exception Details:
  Location:
    org/Eleks/Gmail/po/HomePage.goToMailSendPage()V @9: invokestatic
  Reason:
    Expected stackmap frame at this location.
  Bytecode:
    0000000: b200 4201 01b8 0048 4cb8 004e 2bb6 0052
    0000010: bb00 1059 b700 154b 2ab8 0016 b600 1a2a
    0000020: b800 1eb6 0021 2a04 b800 24b6 002a bb00
    0000030: 2e59 b700 3057 a700 0d4d b800 4e2c b600
    0000040: 562c bfb8 004e b600 59b1               
  Exception Handler Table:
    bci [9, 57] => handler: 57

at org.Eleks.Gmail.po.LoginPage.login(LoginPage.java:47)
at org.Eleks.Gmail.bo.LoginBO.login(LoginBO.java:17)
at org.eleks.gmail.vstasiv.Tests.singIn(Tests.java:11)
at java.base/jdk.internal.reflect.NativeMethodAccessorImpl.invoke0(Native Method)
at java.base/jdk.internal.reflect.NativeMethodAccessorImpl.invoke(NativeMethodAccessorImpl.java:64)
at java.base/jdk.internal.reflect.DelegatingMethodAccessorImpl.invoke(DelegatingMethodAccessorImpl.java:43)
at java.base/java.lang.reflect.Method.invoke(Method.java:564)
at org.testng.internal.MethodInvocationHelper.invokeMethod(MethodInvocationHelper.java:133)
at org.testng.internal.TestInvoker.invokeMethod(TestInvoker.java:584)
at org.testng.internal.TestInvoker.invokeTestMethod(TestInvoker.java:172)
at org.testng.internal.MethodRunner.runInSequence(MethodRunner.java:46)
at org.testng.internal.TestInvoker$MethodInvocationAgent.invoke(TestInvoker.java:804)
at org.testng.internal.TestInvoker.invokeTestMethods(TestInvoker.java:145)
at org.testng.internal.TestMethodWorker.invokeTestMethods(TestMethodWorker.java:146)
at org.testng.internal.TestMethodWorker.run(TestMethodWorker.java:128)
at java.base/java.util.ArrayList.forEach(ArrayList.java:1511)
at org.testng.TestRunner.privateRun(TestRunner.java:770)
at org.testng.TestRunner.run(TestRunner.java:591)
at org.testng.SuiteRunner.runTest(SuiteRunner.java:402)
at org.testng.SuiteRunner.runSequentially(SuiteRunner.java:396)
at org.testng.SuiteRunner.privateRun(SuiteRunner.java:355)
at org.testng.SuiteRunner.run(SuiteRunner.java:304)
at org.testng.SuiteRunnerWorker.runSuite(SuiteRunnerWorker.java:53)
at org.testng.SuiteRunnerWorker.run(SuiteRunnerWorker.java:96)
at org.testng.TestNG.runSuitesSequentially(TestNG.java:1180)
at org.testng.TestNG.runSuitesLocally(TestNG.java:1102)
at org.testng.TestNG.runSuites(TestNG.java:1032)
at org.testng.TestNG.run(TestNG.java:1000)
at org.apache.maven.surefire.testng.TestNGExecutor.run(TestNGExecutor.java:135)
at org.apache.maven.surefire.testng.TestNGDirectoryTestSuite.executeMulti(TestNGDirectoryTestSuite.java:193)
at org.apache.maven.surefire.testng.TestNGDirectoryTestSuite.execute(TestNGDirectoryTestSuite.java:94)
at org.apache.maven.surefire.testng.TestNGProvider.invoke(TestNGProvider.java:146)
at org.apache.maven.surefire.booter.ForkedBooter.invokeProviderInSameClassLoader(ForkedBooter.java:386)
at org.apache.maven.surefire.booter.ForkedBooter.runSuitesInProcess(ForkedBooter.java:323)
at org.apache.maven.surefire.booter.ForkedBooter.main(ForkedBooter.java:143)
]]>
            </full-stacktrace>
          </exception> <!-- java.lang.VerifyError -->
          <reporter-output>
          </reporter-output>
        </test-method> <!-- singIn -->
        <test-method is-config="true" signature="quitTest()[pri:0, instance:org.eleks.gmail.vstasiv.Tests@782ac148]" started-at="2021-08-30T22:07:52 EEST" name="quitTest" finished-at="2021-08-30T22:07:53 EEST" duration-ms="836" status="PASS">
          <reporter-output>
          </reporter-output>
        </test-method> <!-- quitTest -->
        <test-method is-config="true" signature="setUpTest()[pri:0, instance:org.eleks.gmail.vstasiv.Tests@782ac148]" started-at="2021-08-30T22:07:53 EEST" name="setUpTest" finished-at="2021-08-30T22:07:56 EEST" duration-ms="3020" status="PASS">
          <reporter-output>
          </reporter-output>
        </test-method> <!-- setUpTest -->
        <test-method signature="goToMailPage()[pri:2, instance:org.eleks.gmail.vstasiv.Tests@782ac148]" started-at="2021-08-30T22:07:56 EEST" name="goToMailPage" finished-at="2021-08-30T22:07:59 EEST" duration-ms="2496" status="FAIL">
          <exception class="java.lang.VerifyError">
            <message>
              <![CDATA[Expecting a stackmap frame at branch target 57
Exception Details:
  Location:
    org/Eleks/Gmail/po/HomePage.goToMailSendPage()V @9: invokestatic
  Reason:
    Expected stackmap frame at this location.
  Bytecode:
    0000000: b200 4201 01b8 0048 4cb8 004e 2bb6 0052
    0000010: bb00 1059 b700 154b 2ab8 0016 b600 1a2a
    0000020: b800 1eb6 0021 2a04 b800 24b6 002a bb00
    0000030: 2e59 b700 3057 a700 0d4d b800 4e2c b600
    0000040: 562c bfb8 004e b600 59b1               
  Exception Handler Table:
    bci [9, 57] => handler: 57
]]>
            </message>
            <full-stacktrace>
              <![CDATA[java.lang.VerifyError: Expecting a stackmap frame at branch target 57
Exception Details:
  Location:
    org/Eleks/Gmail/po/HomePage.goToMailSendPage()V @9: invokestatic
  Reason:
    Expected stackmap frame at this location.
  Bytecode:
    0000000: b200 4201 01b8 0048 4cb8 004e 2bb6 0052
    0000010: bb00 1059 b700 154b 2ab8 0016 b600 1a2a
    0000020: b800 1eb6 0021 2a04 b800 24b6 002a bb00
    0000030: 2e59 b700 3057 a700 0d4d b800 4e2c b600
    0000040: 562c bfb8 004e b600 59b1               
  Exception Handler Table:
    bci [9, 57] => handler: 57

at org.Eleks.Gmail.po.LoginPage.login(LoginPage.java:47)
at org.Eleks.Gmail.bo.LoginBO.login(LoginBO.java:17)
at org.eleks.gmail.vstasiv.Tests.goToMailPage(Tests.java:16)
at java.base/jdk.internal.reflect.NativeMethodAccessorImpl.invoke0(Native Method)
at java.base/jdk.internal.reflect.NativeMethodAccessorImpl.invoke(NativeMethodAccessorImpl.java:64)
at java.base/jdk.internal.reflect.DelegatingMethodAccessorImpl.invoke(DelegatingMethodAccessorImpl.java:43)
at java.base/java.lang.reflect.Method.invoke(Method.java:564)
at org.testng.internal.MethodInvocationHelper.invokeMethod(MethodInvocationHelper.java:133)
at org.testng.internal.TestInvoker.invokeMethod(TestInvoker.java:584)
at org.testng.internal.TestInvoker.invokeTestMethod(TestInvoker.java:172)
at org.testng.internal.MethodRunner.runInSequence(MethodRunner.java:46)
at org.testng.internal.TestInvoker$MethodInvocationAgent.invoke(TestInvoker.java:804)
at org.testng.internal.TestInvoker.invokeTestMethods(TestInvoker.java:145)
at org.testng.internal.TestMethodWorker.invokeTestMethods(TestMethodWorker.java:146)
at org.testng.internal.TestMethodWorker.run(TestMethodWorker.java:128)
at java.base/java.util.ArrayList.forEach(ArrayList.java:1511)
at org.testng.TestRunner.privateRun(TestRunner.java:770)
at org.testng.TestRunner.run(TestRunner.java:591)
at org.testng.SuiteRunner.runTest(SuiteRunner.java:402)
at org.testng.SuiteRunner.runSequentially(SuiteRunner.java:396)
at org.testng.SuiteRunner.privateRun(SuiteRunner.java:355)
at org.testng.SuiteRunner.run(SuiteRunner.java:304)
at org.testng.SuiteRunnerWorker.runSuite(SuiteRunnerWorker.java:53)
at org.testng.SuiteRunnerWorker.run(SuiteRunnerWorker.java:96)
at org.testng.TestNG.runSuitesSequentially(TestNG.java:1180)
at org.testng.TestNG.runSuitesLocally(TestNG.java:1102)
at org.testng.TestNG.runSuites(TestNG.java:1032)
at org.testng.TestNG.run(TestNG.java:1000)
at org.apache.maven.surefire.testng.TestNGExecutor.run(TestNGExecutor.java:135)
at org.apache.maven.surefire.testng.TestNGDirectoryTestSuite.executeMulti(TestNGDirectoryTestSuite.java:193)
at org.apache.maven.surefire.testng.TestNGDirectoryTestSuite.execute(TestNGDirectoryTestSuite.java:94)
at org.apache.maven.surefire.testng.TestNGProvider.invoke(TestNGProvider.java:146)
at org.apache.maven.surefire.booter.ForkedBooter.invokeProviderInSameClassLoader(ForkedBooter.java:386)
at org.apache.maven.surefire.booter.ForkedBooter.runSuitesInProcess(ForkedBooter.java:323)
at org.apache.maven.surefire.booter.ForkedBooter.main(ForkedBooter.java:143)
]]>
            </full-stacktrace>
          </exception> <!-- java.lang.VerifyError -->
          <reporter-output>
          </reporter-output>
        </test-method> <!-- goToMailPage -->
        <test-method is-config="true" signature="quitTest()[pri:0, instance:org.eleks.gmail.vstasiv.Tests@782ac148]" started-at="2021-08-30T22:07:59 EEST" name="quitTest" finished-at="2021-08-30T22:07:59 EEST" duration-ms="820" status="PASS">
          <reporter-output>
          </reporter-output>
        </test-method> <!-- quitTest -->
        <test-method is-config="true" signature="setUpTest()[pri:0, instance:org.eleks.gmail.vstasiv.Tests@782ac148]" started-at="2021-08-30T22:07:59 EEST" name="setUpTest" finished-at="2021-08-30T22:08:02 EEST" duration-ms="2988" status="PASS">
          <reporter-output>
          </reporter-output>
        </test-method> <!-- setUpTest -->
        <test-method signature="sendAndCheckEmailTest()[pri:3, instance:org.eleks.gmail.vstasiv.Tests@782ac148]" started-at="2021-08-30T22:08:02 EEST" name="sendAndCheckEmailTest" finished-at="2021-08-30T22:08:05 EEST" duration-ms="2828" status="FAIL">
          <exception class="java.lang.VerifyError">
            <message>
              <![CDATA[Expecting a stackmap frame at branch target 57
Exception Details:
  Location:
    org/Eleks/Gmail/po/HomePage.goToMailSendPage()V @9: invokestatic
  Reason:
    Expected stackmap frame at this location.
  Bytecode:
    0000000: b200 4201 01b8 0048 4cb8 004e 2bb6 0052
    0000010: bb00 1059 b700 154b 2ab8 0016 b600 1a2a
    0000020: b800 1eb6 0021 2a04 b800 24b6 002a bb00
    0000030: 2e59 b700 3057 a700 0d4d b800 4e2c b600
    0000040: 562c bfb8 004e b600 59b1               
  Exception Handler Table:
    bci [9, 57] => handler: 57
]]>
            </message>
            <full-stacktrace>
              <![CDATA[java.lang.VerifyError: Expecting a stackmap frame at branch target 57
Exception Details:
  Location:
    org/Eleks/Gmail/po/HomePage.goToMailSendPage()V @9: invokestatic
  Reason:
    Expected stackmap frame at this location.
  Bytecode:
    0000000: b200 4201 01b8 0048 4cb8 004e 2bb6 0052
    0000010: bb00 1059 b700 154b 2ab8 0016 b600 1a2a
    0000020: b800 1eb6 0021 2a04 b800 24b6 002a bb00
    0000030: 2e59 b700 3057 a700 0d4d b800 4e2c b600
    0000040: 562c bfb8 004e b600 59b1               
  Exception Handler Table:
    bci [9, 57] => handler: 57

at org.Eleks.Gmail.po.LoginPage.login(LoginPage.java:47)
at org.Eleks.Gmail.bo.LoginBO.login(LoginBO.java:17)
at org.eleks.gmail.vstasiv.Tests.sendAndCheckEmailTest(Tests.java:22)
at java.base/jdk.internal.reflect.NativeMethodAccessorImpl.invoke0(Native Method)
at java.base/jdk.internal.reflect.NativeMethodAccessorImpl.invoke(NativeMethodAccessorImpl.java:64)
at java.base/jdk.internal.reflect.DelegatingMethodAccessorImpl.invoke(DelegatingMethodAccessorImpl.java:43)
at java.base/java.lang.reflect.Method.invoke(Method.java:564)
at org.testng.internal.MethodInvocationHelper.invokeMethod(MethodInvocationHelper.java:133)
at org.testng.internal.TestInvoker.invokeMethod(TestInvoker.java:584)
at org.testng.internal.TestInvoker.invokeTestMethod(TestInvoker.java:172)
at org.testng.internal.MethodRunner.runInSequence(MethodRunner.java:46)
at org.testng.internal.TestInvoker$MethodInvocationAgent.invoke(TestInvoker.java:804)
at org.testng.internal.TestInvoker.invokeTestMethods(TestInvoker.java:145)
at org.testng.internal.TestMethodWorker.invokeTestMethods(TestMethodWorker.java:146)
at org.testng.internal.TestMethodWorker.run(TestMethodWorker.java:128)
at java.base/java.util.ArrayList.forEach(ArrayList.java:1511)
at org.testng.TestRunner.privateRun(TestRunner.java:770)
at org.testng.TestRunner.run(TestRunner.java:591)
at org.testng.SuiteRunner.runTest(SuiteRunner.java:402)
at org.testng.SuiteRunner.runSequentially(SuiteRunner.java:396)
at org.testng.SuiteRunner.privateRun(SuiteRunner.java:355)
at org.testng.SuiteRunner.run(SuiteRunner.java:304)
at org.testng.SuiteRunnerWorker.runSuite(SuiteRunnerWorker.java:53)
at org.testng.SuiteRunnerWorker.run(SuiteRunnerWorker.java:96)
at org.testng.TestNG.runSuitesSequentially(TestNG.java:1180)
at org.testng.TestNG.runSuitesLocally(TestNG.java:1102)
at org.testng.TestNG.runSuites(TestNG.java:1032)
at org.testng.TestNG.run(TestNG.java:1000)
at org.apache.maven.surefire.testng.TestNGExecutor.run(TestNGExecutor.java:135)
at org.apache.maven.surefire.testng.TestNGDirectoryTestSuite.executeMulti(TestNGDirectoryTestSuite.java:193)
at org.apache.maven.surefire.testng.TestNGDirectoryTestSuite.execute(TestNGDirectoryTestSuite.java:94)
at org.apache.maven.surefire.testng.TestNGProvider.invoke(TestNGProvider.java:146)
at org.apache.maven.surefire.booter.ForkedBooter.invokeProviderInSameClassLoader(ForkedBooter.java:386)
at org.apache.maven.surefire.booter.ForkedBooter.runSuitesInProcess(ForkedBooter.java:323)
at org.apache.maven.surefire.booter.ForkedBooter.main(ForkedBooter.java:143)
]]>
            </full-stacktrace>
          </exception> <!-- java.lang.VerifyError -->
          <reporter-output>
          </reporter-output>
        </test-method> <!-- sendAndCheckEmailTest -->
        <test-method is-config="true" signature="quitTest()[pri:0, instance:org.eleks.gmail.vstasiv.Tests@782ac148]" started-at="2021-08-30T22:08:05 EEST" name="quitTest" finished-at="2021-08-30T22:08:06 EEST" duration-ms="801" status="PASS">
          <reporter-output>
          </reporter-output>
        </test-method> <!-- quitTest -->
      </class> <!-- org.eleks.gmail.vstasiv.Tests -->
    </test> <!-- Surefire test -->
  </suite> <!-- Surefire suite -->
</testng-results>
