<?xml version="1.0" encoding="UTF-8"?>
<testsuite xmlns:xsi="http://www.w3.org/2001/XMLSchema-instance" xsi:noNamespaceSchemaLocation="https://maven.apache.org/surefire/maven-surefire-plugin/xsd/surefire-test-report-3.0.xsd" version="3.0" name="TestSuite" time="83.853" tests="7" errors="0" skipped="3" failures="1">
  <properties>
[...]
</properties>
  <testcase name="goToMailPageTest" classname="org.eleks.gmail.vstasiv.Tests2" time="8.389">
    <system-out><![CDATA[[INFO ] 2021-11-30 19:45:47.415 [main] BaseTest - Browser is opened
[INFO ] 2021-11-30 19:45:55.922 [main] BasePage - Element is present on the page: class org.Eleks.Gmail.po.HomePage
[INFO ] 2021-11-30 19:45:55.923 [main] BasePage - Correct page for class: class org.Eleks.Gmail.po.HomePage opened
[INFO ] 2021-11-30 19:45:55.924 [main] LoginBO - Login successfully
test pass
]]></system-out>
    <system-err><![CDATA[SLF4J: Failed to load class "org.slf4j.impl.StaticLoggerBinder".
SLF4J: Defaulting to no-operation (NOP) logger implementation
SLF4J: See http://www.slf4j.org/codes.html#StaticLoggerBinder for further details.
Starting ChromeDriver 96.0.4664.45 (76e4c1bb2ab4671b8beba3444e61c0f17584b2fc-refs/branch-heads/4664@{#947}) on port 31478
Only local connections are allowed.
Please see https://chromedriver.chromium.org/security-considerations for suggestions on keeping ChromeDriver safe.
ChromeDriver was started successfully.
лист. 30, 2021 7:45:47 ПП org.openqa.selenium.remote.ProtocolHandshake createSession
INFO: Detected dialect: W3C
лист. 30, 2021 7:45:47 ПП org.openqa.selenium.devtools.CdpVersionFinder findNearestMatch
WARNING: Unable to find an exact match for CDP version 96, so returning the closest version found: a no-op implementation
лист. 30, 2021 7:45:47 ПП org.openqa.selenium.devtools.CdpVersionFinder findNearestMatch
INFO: Unable to find CDP implementation matching 96.
лист. 30, 2021 7:45:47 ПП org.openqa.selenium.chromium.ChromiumDriver lambda$new$2
WARNING: Unable to find version of CDP to use for . You may need to include a dependency on a specific version of the CDP using something similar to `org.seleniumhq.selenium:selenium-devtools-v86:4.0.0-beta-3` where the version ("v86") matches the version of the chromium-based browser you're using and the version number of the artifact is the same as Selenium's.
]]></system-err>
  </testcase>
  <testcase name="sendEmailApiTest" classname="org.eleks.gmail.vstasiv.Tests2" time="3.481">
    <system-out><![CDATA[[INFO ] 2021-11-30 19:45:59.128 [main] BaseTest - Browser is closed
[INFO ] 2021-11-30 19:46:00.934 [main] BaseTest - Browser is opened
DEBUG: setDebug: JavaMail version 1.6.2
sending...
DEBUG: getProvider() returning javax.mail.Provider[TRANSPORT,smtp,com.sun.mail.smtp.SMTPTransport,Oracle]
DEBUG SMTP: need username and password for authentication
DEBUG SMTP: protocolConnect returning false, host=smtp.gmail.com, user=vitalii.stasiv, password=<null>
DEBUG SMTP: useEhlo true, useAuth true
DEBUG SMTP: trying to connect to host "smtp.gmail.com", port 465, isSSL true
220 smtp.gmail.com ESMTP m1sm2908927wme.39 - gsmtp
DEBUG SMTP: connected to host "smtp.gmail.com", port: 465
EHLO WS-LV-CP3316.eleks-software.local
250-smtp.gmail.com at your service, [109.207.113.147]
250-SIZE 35882577
250-8BITMIME
250-AUTH LOGIN PLAIN XOAUTH2 PLAIN-CLIENTTOKEN OAUTHBEARER XOAUTH
250-ENHANCEDSTATUSCODES
250-PIPELINING
250-CHUNKING
250 SMTPUTF8
DEBUG SMTP: Found extension "SIZE", arg "35882577"
DEBUG SMTP: Found extension "8BITMIME", arg ""
DEBUG SMTP: Found extension "AUTH", arg "LOGIN PLAIN XOAUTH2 PLAIN-CLIENTTOKEN OAUTHBEARER XOAUTH"
DEBUG SMTP: Found extension "ENHANCEDSTATUSCODES", arg ""
DEBUG SMTP: Found extension "PIPELINING", arg ""
DEBUG SMTP: Found extension "CHUNKING", arg ""
DEBUG SMTP: Found extension "SMTPUTF8", arg ""
DEBUG SMTP: protocolConnect login, host=smtp.gmail.com, user=emat23024@gmail.com, password=<non-null>
DEBUG SMTP: Attempt to authenticate using mechanisms: LOGIN PLAIN DIGEST-MD5 NTLM XOAUTH2 
DEBUG SMTP: Using mechanism LOGIN
DEBUG SMTP: AUTH LOGIN command trace suppressed
DEBUG SMTP: AUTH LOGIN succeeded
DEBUG SMTP: use8bit false
MAIL FROM:<emat23024@gmail.com>
250 2.1.0 OK m1sm2908927wme.39 - gsmtp
RCPT TO:<tt8397519+1@gmail.com>
250 2.1.5 OK m1sm2908927wme.39 - gsmtp
RCPT TO:<tt8397519@gmail.com>
250 2.1.5 OK m1sm2908927wme.39 - gsmtp
RCPT TO:<tt8397519+1@gmail.com>
250 2.1.5 OK, duplicate recipients will be consolidated. m1sm2908927wme.39 - gsmtp
RCPT TO:<tt8397519+2@gmail.com>
250 2.1.5 OK m1sm2908927wme.39 - gsmtp
RCPT TO:<tt8397519+3@gmail.com>
250 2.1.5 OK m1sm2908927wme.39 - gsmtp
DEBUG SMTP: Verified Addresses
DEBUG SMTP:   tt8397519+1@gmail.com
DEBUG SMTP:   tt8397519@gmail.com
DEBUG SMTP:   tt8397519+1@gmail.com
DEBUG SMTP:   tt8397519+2@gmail.com
DEBUG SMTP:   tt8397519+3@gmail.com
DATA
354  Go ahead m1sm2908927wme.39 - gsmtp
Date: Tue, 30 Nov 2021 19:46:02 +0200 (EET)
From: emat23024@gmail.com
To: tt8397519+1@gmail.com
Cc: tt8397519@gmail.com, tt8397519+1@gmail.com, tt8397519+2@gmail.com,
	tt8397519+3@gmail.com
Message-ID: <1037000742.0.1638294362946@WS-LV-CP3316.eleks-software.local>
Subject: API_Subject_builder mrrOmAzFNNAD
MIME-Version: 1.0
Content-Type: text/plain; charset=us-ascii
Content-Transfer-Encoding: 7bit

API_Body_buildercnhiaotRNdZV
.
250 2.0.0 OK  1638294365 m1sm2908927wme.39 - gsmtp
DEBUG SMTP: message successfully delivered to mail server
QUIT
221 2.0.0 closing connection m1sm2908927wme.39 - gsmtp
Sent message successfully....
test pass
]]></system-out>
    <system-err><![CDATA[Starting ChromeDriver 96.0.4664.45 (76e4c1bb2ab4671b8beba3444e61c0f17584b2fc-refs/branch-heads/4664@{#947}) on port 37715
Only local connections are allowed.
Please see https://chromedriver.chromium.org/security-considerations for suggestions on keeping ChromeDriver safe.
ChromeDriver was started successfully.
лист. 30, 2021 7:46:00 ПП org.openqa.selenium.remote.ProtocolHandshake createSession
INFO: Detected dialect: W3C
лист. 30, 2021 7:46:00 ПП org.openqa.selenium.devtools.CdpVersionFinder findNearestMatch
WARNING: Unable to find an exact match for CDP version 96, so returning the closest version found: a no-op implementation
лист. 30, 2021 7:46:00 ПП org.openqa.selenium.devtools.CdpVersionFinder findNearestMatch
INFO: Unable to find CDP implementation matching 96.
лист. 30, 2021 7:46:00 ПП org.openqa.selenium.chromium.ChromiumDriver lambda$new$2
WARNING: Unable to find version of CDP to use for . You may need to include a dependency on a specific version of the CDP using something similar to `org.seleniumhq.selenium:selenium-devtools-v86:4.0.0-beta-3` where the version ("v86") matches the version of the chromium-based browser you're using and the version number of the artifact is the same as Selenium's.
]]></system-err>
  </testcase>
  <testcase name="singInFailedTest" classname="org.eleks.gmail.vstasiv.Tests2" time="4.265">
    <system-out><![CDATA[[INFO ] 2021-11-30 19:46:06.533 [main] BaseTest - Browser is closed
[INFO ] 2021-11-30 19:46:08.273 [main] BaseTest - Browser is opened
[INFO ] 2021-11-30 19:46:11.176 [main] BasePage - Proper massage is displayed : Введіть дійсні електронну адресу або номер телефону
[INFO ] 2021-11-30 19:46:14.226 [main] BasePage - Proper massage is displayed : Неправильний пароль. Повторіть спробу або натисніть "Забули пароль?", щоб скинути його.
test pass
]]></system-out>
    <system-err><![CDATA[Starting ChromeDriver 96.0.4664.45 (76e4c1bb2ab4671b8beba3444e61c0f17584b2fc-refs/branch-heads/4664@{#947}) on port 13980
Only local connections are allowed.
Please see https://chromedriver.chromium.org/security-considerations for suggestions on keeping ChromeDriver safe.
ChromeDriver was started successfully.
лист. 30, 2021 7:46:08 ПП org.openqa.selenium.remote.ProtocolHandshake createSession
INFO: Detected dialect: W3C
лист. 30, 2021 7:46:08 ПП org.openqa.selenium.devtools.CdpVersionFinder findNearestMatch
WARNING: Unable to find an exact match for CDP version 96, so returning the closest version found: a no-op implementation
лист. 30, 2021 7:46:08 ПП org.openqa.selenium.devtools.CdpVersionFinder findNearestMatch
INFO: Unable to find CDP implementation matching 96.
лист. 30, 2021 7:46:08 ПП org.openqa.selenium.chromium.ChromiumDriver lambda$new$2
WARNING: Unable to find version of CDP to use for . You may need to include a dependency on a specific version of the CDP using something similar to `org.seleniumhq.selenium:selenium-devtools-v86:4.0.0-beta-3` where the version ("v86") matches the version of the chromium-based browser you're using and the version number of the artifact is the same as Selenium's.
]]></system-err>
  </testcase>
  <testcase name="singInTest" classname="org.eleks.gmail.vstasiv.Tests2" time="0">
    <skipped message="null"/>
    <system-out><![CDATA[[INFO ] 2021-11-30 19:46:15.068 [main] BaseTest - Browser is closed
[INFO ] 2021-11-30 19:46:16.786 [main] BaseTest - Browser is opened
[INFO ] 2021-11-30 19:46:25.519 [main] BasePage - Element is present on the page: class org.Eleks.Gmail.po.HomePage
[INFO ] 2021-11-30 19:46:25.520 [main] BasePage - Correct page for class: class org.Eleks.Gmail.po.HomePage opened
[INFO ] 2021-11-30 19:46:25.520 [main] LoginBO - Login successfully
]]></system-out>
    <system-err><![CDATA[Starting ChromeDriver 96.0.4664.45 (76e4c1bb2ab4671b8beba3444e61c0f17584b2fc-refs/branch-heads/4664@{#947}) on port 40339
Only local connections are allowed.
Please see https://chromedriver.chromium.org/security-considerations for suggestions on keeping ChromeDriver safe.
ChromeDriver was started successfully.
лист. 30, 2021 7:46:16 ПП org.openqa.selenium.remote.ProtocolHandshake createSession
INFO: Detected dialect: W3C
лист. 30, 2021 7:46:16 ПП org.openqa.selenium.devtools.CdpVersionFinder findNearestMatch
WARNING: Unable to find an exact match for CDP version 96, so returning the closest version found: a no-op implementation
лист. 30, 2021 7:46:16 ПП org.openqa.selenium.devtools.CdpVersionFinder findNearestMatch
INFO: Unable to find CDP implementation matching 96.
лист. 30, 2021 7:46:16 ПП org.openqa.selenium.chromium.ChromiumDriver lambda$new$2
WARNING: Unable to find version of CDP to use for . You may need to include a dependency on a specific version of the CDP using something similar to `org.seleniumhq.selenium:selenium-devtools-v86:4.0.0-beta-3` where the version ("v86") matches the version of the chromium-based browser you're using and the version number of the artifact is the same as Selenium's.
]]></system-err>
  </testcase>
  <testcase name="singInTest" classname="org.eleks.gmail.vstasiv.Tests2" time="0">
    <skipped message="null"/>
    <system-out><![CDATA[[INFO ] 2021-11-30 19:46:26.273 [main] BaseTest - Browser is closed
[INFO ] 2021-11-30 19:46:27.982 [main] BaseTest - Browser is opened
[INFO ] 2021-11-30 19:46:36.242 [main] BasePage - Element is present on the page: class org.Eleks.Gmail.po.HomePage
[INFO ] 2021-11-30 19:46:36.242 [main] BasePage - Correct page for class: class org.Eleks.Gmail.po.HomePage opened
[INFO ] 2021-11-30 19:46:36.243 [main] LoginBO - Login successfully
]]></system-out>
    <system-err><![CDATA[Starting ChromeDriver 96.0.4664.45 (76e4c1bb2ab4671b8beba3444e61c0f17584b2fc-refs/branch-heads/4664@{#947}) on port 11881
Only local connections are allowed.
Please see https://chromedriver.chromium.org/security-considerations for suggestions on keeping ChromeDriver safe.
ChromeDriver was started successfully.
лист. 30, 2021 7:46:27 ПП org.openqa.selenium.remote.ProtocolHandshake createSession
INFO: Detected dialect: W3C
лист. 30, 2021 7:46:27 ПП org.openqa.selenium.devtools.CdpVersionFinder findNearestMatch
WARNING: Unable to find an exact match for CDP version 96, so returning the closest version found: a no-op implementation
лист. 30, 2021 7:46:27 ПП org.openqa.selenium.devtools.CdpVersionFinder findNearestMatch
INFO: Unable to find CDP implementation matching 96.
лист. 30, 2021 7:46:27 ПП org.openqa.selenium.chromium.ChromiumDriver lambda$new$2
WARNING: Unable to find version of CDP to use for . You may need to include a dependency on a specific version of the CDP using something similar to `org.seleniumhq.selenium:selenium-devtools-v86:4.0.0-beta-3` where the version ("v86") matches the version of the chromium-based browser you're using and the version number of the artifact is the same as Selenium's.
]]></system-err>
  </testcase>
  <testcase name="singInTest" classname="org.eleks.gmail.vstasiv.Tests2" time="0">
    <skipped message="null"/>
    <system-out><![CDATA[[INFO ] 2021-11-30 19:46:36.984 [main] BaseTest - Browser is closed
[INFO ] 2021-11-30 19:46:38.680 [main] BaseTest - Browser is opened
[INFO ] 2021-11-30 19:46:47.176 [main] BasePage - Element is present on the page: class org.Eleks.Gmail.po.HomePage
[INFO ] 2021-11-30 19:46:47.176 [main] BasePage - Correct page for class: class org.Eleks.Gmail.po.HomePage opened
[INFO ] 2021-11-30 19:46:47.177 [main] LoginBO - Login successfully
]]></system-out>
    <system-err><![CDATA[Starting ChromeDriver 96.0.4664.45 (76e4c1bb2ab4671b8beba3444e61c0f17584b2fc-refs/branch-heads/4664@{#947}) on port 47907
Only local connections are allowed.
Please see https://chromedriver.chromium.org/security-considerations for suggestions on keeping ChromeDriver safe.
ChromeDriver was started successfully.
лист. 30, 2021 7:46:38 ПП org.openqa.selenium.remote.ProtocolHandshake createSession
INFO: Detected dialect: W3C
лист. 30, 2021 7:46:38 ПП org.openqa.selenium.devtools.CdpVersionFinder findNearestMatch
WARNING: Unable to find an exact match for CDP version 96, so returning the closest version found: a no-op implementation
лист. 30, 2021 7:46:38 ПП org.openqa.selenium.devtools.CdpVersionFinder findNearestMatch
INFO: Unable to find CDP implementation matching 96.
лист. 30, 2021 7:46:38 ПП org.openqa.selenium.chromium.ChromiumDriver lambda$new$2
WARNING: Unable to find version of CDP to use for . You may need to include a dependency on a specific version of the CDP using something similar to `org.seleniumhq.selenium:selenium-devtools-v86:4.0.0-beta-3` where the version ("v86") matches the version of the chromium-based browser you're using and the version number of the artifact is the same as Selenium's.
]]></system-err>
  </testcase>
  <testcase name="singInTest" classname="org.eleks.gmail.vstasiv.Tests2" time="7.864">
    <failure message="null" type="java.lang.AssertionError"><![CDATA[java.lang.AssertionError: null
	at org.eleks.gmail.vstasiv.Tests2.singInTest(Tests2.java:18)
]]></failure>
    <system-out><![CDATA[[INFO ] 2021-11-30 19:46:47.918 [main] BaseTest - Browser is closed
[INFO ] 2021-11-30 19:46:49.594 [main] BaseTest - Browser is opened
[INFO ] 2021-11-30 19:46:58.644 [main] BasePage - Element is present on the page: class org.Eleks.Gmail.po.HomePage
[INFO ] 2021-11-30 19:46:58.644 [main] BasePage - Correct page for class: class org.Eleks.Gmail.po.HomePage opened
[INFO ] 2021-11-30 19:46:58.645 [main] LoginBO - Login successfully
Failed
]]></system-out>
    <system-err><![CDATA[Starting ChromeDriver 96.0.4664.45 (76e4c1bb2ab4671b8beba3444e61c0f17584b2fc-refs/branch-heads/4664@{#947}) on port 28558
Only local connections are allowed.
Please see https://chromedriver.chromium.org/security-considerations for suggestions on keeping ChromeDriver safe.
ChromeDriver was started successfully.
лист. 30, 2021 7:46:49 ПП org.openqa.selenium.remote.ProtocolHandshake createSession
INFO: Detected dialect: W3C
лист. 30, 2021 7:46:49 ПП org.openqa.selenium.devtools.CdpVersionFinder findNearestMatch
WARNING: Unable to find an exact match for CDP version 96, so returning the closest version found: a no-op implementation
лист. 30, 2021 7:46:49 ПП org.openqa.selenium.devtools.CdpVersionFinder findNearestMatch
INFO: Unable to find CDP implementation matching 96.
лист. 30, 2021 7:46:49 ПП org.openqa.selenium.chromium.ChromiumDriver lambda$new$2
WARNING: Unable to find version of CDP to use for . You may need to include a dependency on a specific version of the CDP using something similar to `org.seleniumhq.selenium:selenium-devtools-v86:4.0.0-beta-3` where the version ("v86") matches the version of the chromium-based browser you're using and the version number of the artifact is the same as Selenium's.
]]></system-err>
  </testcase>
</testsuite>